<?xml version="1.0" encoding="UTF-8"?>
<testsuite xmlns:xsi="http://www.w3.org/2001/XMLSchema-instance" xsi:noNamespaceSchemaLocation="https://maven.apache.org/surefire/maven-surefire-plugin/xsd/surefire-test-report.xsd" name="product.ProductServiceTest" time="1.975" tests="3" errors="1" skipped="0" failures="2">
  <properties>
[...]
</properties>
  <testcase name="testCreateProduct" classname="product.ProductServiceTest" time="0.046">
    <error message="Cannot invoke &quot;product.model.Product.getProductId()&quot; because &quot;savedProduct&quot; is null" type="java.lang.NullPointerException">java.lang.NullPointerException: Cannot invoke "product.model.Product.getProductId()" because "savedProduct" is null
	at product.ProductServiceTest.testCreateProduct(ProductServiceTest.java:55)
</error>
    <system-out><![CDATA[2023-11-27T01:51:28.856Z  INFO 888 --- [           main] t.c.s.AnnotationConfigContextLoaderUtils : Could not detect default configuration classes for test class [product.ProductServiceTest]: ProductServiceTest does not declare any static, non-private, non-final, nested classes annotated with @Configuration.
2023-11-27T01:51:28.862Z  INFO 888 --- [           main] .b.t.c.SpringBootTestContextBootstrapper : Found @SpringBootConfiguration product.ProductServiceApplication for test class product.ProductServiceTest

  .   ____          _            __ _ _
 /\\ / ___'_ __ _ _(_)_ __  __ _ \ \ \ \
( ( )\___ | '_ | '_| | '_ \/ _` | \ \ \ \
 \\/  ___)| |_)| | | | | || (_| |  ) ) ) )
  '  |____| .__|_| |_|_| |_\__, | / / / /
 =========|_|==============|___/=/_/_/_/
 :: Spring Boot ::                (v3.1.0)

2023-11-27T01:51:28.916Z  INFO 888 --- [           main] product.ProductServiceTest               : Starting ProductServiceTest using Java 17.0.9 with PID 888 (started by coleneumark in /home/coleneumark/distributed-systems/Printsy/Product)
2023-11-27T01:51:28.916Z  INFO 888 --- [           main] product.ProductServiceTest               : The following 1 profile is active: "test"
2023-11-27T01:51:29.108Z  INFO 888 --- [           main] .s.d.r.c.RepositoryConfigurationDelegate : Bootstrapping Spring Data JPA repositories in DEFAULT mode.
2023-11-27T01:51:29.113Z  INFO 888 --- [           main] .s.d.r.c.RepositoryConfigurationDelegate : Finished Spring Data repository scanning in 4 ms. Found 1 JPA repository interfaces.
2023-11-27T01:51:29.449Z  INFO 888 --- [           main] o.hibernate.jpa.internal.util.LogHelper  : HHH000204: Processing PersistenceUnitInfo [name: default]
2023-11-27T01:51:29.455Z  INFO 888 --- [           main] o.h.b.i.BytecodeProviderInitiator        : HHH000021: Bytecode provider name : bytebuddy
2023-11-27T01:51:29.456Z  INFO 888 --- [           main] o.s.o.j.p.SpringPersistenceUnitInfo      : No LoadTimeWeaver setup: ignoring JPA class transformer
2023-11-27T01:51:29.457Z  INFO 888 --- [           main] com.zaxxer.hikari.HikariDataSource       : HikariPool-1 - Starting...
2023-11-27T01:51:29.478Z  INFO 888 --- [           main] com.zaxxer.hikari.pool.HikariPool        : HikariPool-1 - Added connection conn6: url=jdbc:h2:mem:testdb user=SA
2023-11-27T01:51:29.480Z  INFO 888 --- [           main] com.zaxxer.hikari.HikariDataSource       : HikariPool-1 - Start completed.
2023-11-27T01:51:29.485Z  INFO 888 --- [           main] org.hibernate.orm.dialect                : HHH035001: Using dialect: org.hibernate.dialect.H2Dialect, version: 1.4.200
2023-11-27T01:51:29.512Z  INFO 888 --- [           main] o.h.b.i.BytecodeProviderInitiator        : HHH000021: Bytecode provider name : bytebuddy
2023-11-27T01:51:29.540Z  INFO 888 --- [           main] o.h.e.t.j.p.i.JtaPlatformInitiator       : HHH000490: Using JtaPlatform implementation: [org.hibernate.engine.transaction.jta.platform.internal.NoJtaPlatform]
2023-11-27T01:51:29.543Z  INFO 888 --- [           main] o.h.t.s.i.e.GenerationTargetToDatabase   : HHH000476: Executing script '[injected ScriptSourceInputNonExistentImpl script]'
2023-11-27T01:51:29.544Z  INFO 888 --- [           main] j.LocalContainerEntityManagerFactoryBean : Initialized JPA EntityManagerFactory for persistence unit 'default'
2023-11-27T01:51:29.686Z  WARN 888 --- [           main] JpaBaseConfiguration$JpaWebConfiguration : spring.jpa.open-in-view is enabled by default. Therefore, database queries may be performed during view rendering. Explicitly configure spring.jpa.open-in-view to disable this warning
2023-11-27T01:51:30.141Z  INFO 888 --- [           main] efaultSchemaResourceGraphQlSourceBuilder : Loaded 1 resource(s) in the GraphQL schema.
2023-11-27T01:51:30.309Z  INFO 888 --- [           main] s.b.a.g.s.GraphQlWebMvcAutoConfiguration : GraphQL endpoint HTTP POST /graphql
2023-11-27T01:51:30.384Z  WARN 888 --- [           main] .s.s.UserDetailsServiceAutoConfiguration : 

Using generated security password: e216978b-16a1-4892-bc26-fd199e54057a

This generated password is for development use only. Your security configuration must be updated before running your application in production.

2023-11-27T01:51:30.523Z  INFO 888 --- [           main] o.s.s.web.DefaultSecurityFilterChain     : Will secure any request with [org.springframework.security.web.session.DisableEncodeUrlFilter@6789b471, org.springframework.security.web.context.request.async.WebAsyncManagerIntegrationFilter@1eb3a6a3, org.springframework.security.web.context.SecurityContextHolderFilter@4aa4bfa1, org.springframework.security.web.header.HeaderWriterFilter@670199c5, org.springframework.security.web.csrf.CsrfFilter@c54e23b, org.springframework.security.web.authentication.logout.LogoutFilter@2f341732, org.springframework.security.web.authentication.UsernamePasswordAuthenticationFilter@718198db, org.springframework.security.web.authentication.ui.DefaultLoginPageGeneratingFilter@10395bc4, org.springframework.security.web.authentication.ui.DefaultLogoutPageGeneratingFilter@30f0b75, org.springframework.security.web.authentication.www.BasicAuthenticationFilter@18ac2dfe, org.springframework.security.web.savedrequest.RequestCacheAwareFilter@59881424, org.springframework.security.web.servletapi.SecurityContextHolderAwareRequestFilter@8497c23, org.springframework.security.web.authentication.AnonymousAuthenticationFilter@1b6982e4, org.springframework.security.web.access.ExceptionTranslationFilter@77c8b276, org.springframework.security.web.access.intercept.AuthorizationFilter@4e293c35]
2023-11-27T01:51:30.553Z  INFO 888 --- [           main] product.ProductServiceTest               : Started ProductServiceTest in 1.675 seconds (process running for 5.731)
2023-11-27T01:51:30.797Z  INFO 888 --- [           main] product.service.ProductService           : Creating product with imageId: 1, stockId: 1, price: 100
]]></system-out>
  </testcase>
  <testcase name="testDeleteProductById" classname="product.ProductServiceTest" time="0.017">
    <failure message="Unexpected exception thrown: java.lang.RuntimeException: Product with ID 1 not found" type="org.opentest4j.AssertionFailedError">org.opentest4j.AssertionFailedError: Unexpected exception thrown: java.lang.RuntimeException: Product with ID 1 not found
	at product.ProductServiceTest.testDeleteProductById(ProductServiceTest.java:85)
Caused by: java.lang.RuntimeException: Product with ID 1 not found
	at product.ProductServiceTest.lambda$testDeleteProductById$0(ProductServiceTest.java:85)
	at product.ProductServiceTest.testDeleteProductById(ProductServiceTest.java:85)
</failure>
    <system-out><![CDATA[2023-11-27T01:51:30.824Z  INFO 888 --- [           main] product.service.ProductService           : Deleting product with ID: 1
2023-11-27T01:51:30.825Z  WARN 888 --- [           main] product.service.ProductService           : Attempted to delete a product that does not exist with ID: 1
]]></system-out>
  </testcase>
  <testcase name="testGetProductById" classname="product.ProductServiceTest" time="0.013">
    <failure message="expected: &lt;true&gt; but was: &lt;false&gt;" type="org.opentest4j.AssertionFailedError"><![CDATA[org.opentest4j.AssertionFailedError: expected: <true> but was: <false>
	at product.ProductServiceTest.testGetProductById(ProductServiceTest.java:74)
]]></failure>
    <system-out><![CDATA[2023-11-27T01:51:30.839Z  INFO 888 --- [           main] product.service.ProductService           : Fetching product with ID: 1
2023-11-27T01:51:30.839Z  WARN 888 --- [           main] product.service.ProductService           : No product found with ID: 1
]]></system-out>
  </testcase>
</testsuite>